<?xml version="1.0" encoding="UTF-8"?>
<!-- Generated by org.testng.reporters.JUnitReportReporter -->
<testsuite skipped="0" hostname="Emmyray" name="testCases.HoverTestCase" tests="1" failures="0" timestamp="18 Feb 2018 17:34:57 GMT" time="28.344" errors="0">
  <testcase name="firstImageHover" time="28.344" classname="testCases.HoverTestCase"/>
</testsuite> <!-- testCases.HoverTestCase -->
