<?xml version="1.0" encoding="UTF-8"?>
<!-- Generated by org.testng.reporters.JUnitReportReporter -->
<testsuite skipped="0" hostname="Emmyray" name="testCases.LoginTest" tests="3" failures="0" timestamp="18 Feb 2018 17:34:57 GMT" time="69.459" errors="0">
  <testcase name="testCorrectUserNameCorrectPassWord" time="25.771" classname="testCases.LoginTest"/>
  <testcase name="testWrongUserNameCorrectPassWord" time="20.534" classname="testCases.LoginTest"/>
  <testcase name="testCorrectUserNameWrongPassWord" time="23.154" classname="testCases.LoginTest"/>
</testsuite> <!-- testCases.LoginTest -->
